{"logLevel":"debug","message":"multithreading is set to false"}
{"logLevel":"debug","message":"Using reflection to scan dependencies for gauge implementations..."}
log4j:WARN No appenders could be found for logger (io.grpc.netty.shaded.io.netty.util.internal.logging.InternalLoggerFactory).
log4j:WARN Please initialize the log4j system properly.
log4j:WARN See http://logging.apache.org/log4j/1.2/faq.html#noconfig for more info.
{"logLevel":"debug","message":"gauge-java took 680milliseconds to load and scan. This should be less than 'runner_connection_timeout' config value."}
{"logLevel":"debug","message":"run 'gauge config runner_connection_timeout' and verify that it is < 680"}
{"logLevel":"debug","message":"starting gRPC server..."}
{"logLevel":"debug","message":"started gRPC server on port 63767"}
{"logLevel":"info","message":"Listening on port:63767"}
{"logLevel":"debug","message":"Scanning packages for steps"}
{"logLevel":"debug","message":"Comparing 'BasePage.waitForsecond' and 'BasePage.waitForsecond'"}
{"logLevel":"debug","message":"Found {} saniye bekle in current project scope."}
{"logLevel":"debug","message":"Comparing 'BasePage.findElementAndClick' and 'BasePage.findElementAndClick'"}
{"logLevel":"debug","message":"Found {} si bu olan element görünür mü kontrol et in current project scope."}
{"logLevel":"debug","message":"Scanning packages for hooks"}
{"logLevel":"debug","message":"Scanned steps (using static parsing + reflections): "}
{"logLevel":"debug","message":"\t{} saniye bekle : public void waitForsecond(ýnt s) throws InterruptedException"}
{"logLevel":"debug","message":"\t{} si bu olan element görünür mü kontrol et : public void findElementAndClick(String id)"}
Ozdilekteyim mobil testi baslýyor
{"logLevel":"debug","message":"Executing '{} saniye bekle' using 'class BasePage.waitForsecond"}
{"logLevel":"debug","message":"Executing '{} si bu olan element görünür mü kontrol et' using 'class BasePage.findElementAndClick"}
